<?xml version="1.0" encoding="UTF-8"?>
<!-- Generated by org.testng.reporters.JUnitReportReporter -->
<testsuite hostname="Manjunath" failures="0" tests="2" name="com.sause.TestCases.InventoryPageTest" time="0.134" errors="0" timestamp="2024-06-27T15:45:41 IST" skipped="0">
  <testcase classname="com.sause.TestCases.InventoryPageTest" name="displayAllOptionsTest" time="0.042"/>
  <testcase classname="com.sause.TestCases.InventoryPageTest" name="cartItemCount" time="0.092"/>
</testsuite> <!-- com.sause.TestCases.InventoryPageTest -->
