<?xml version="1.0" encoding="UTF-8"?>
<!-- Generated by org.testng.reporters.JUnitReportReporter -->
<testsuite hostname="Manjunath" failures="0" tests="1" name="com.sause.TestCases.LoginPageTest" time="5.396" errors="0" timestamp="2024-06-27T15:45:41 IST" skipped="0">
  <testcase classname="com.sause.TestCases.LoginPageTest" name="loginMethod" time="5.396"/>
</testsuite> <!-- com.sause.TestCases.LoginPageTest -->
